{
  message: 'Hello',
  level: 'error',
  service: 'your-service-name',
  timestamp: '2023-09-03 11:28:02'
}
{
  message: 'Hello',
  level: 'error',
  service: 'your-service-name',
  timestamp: '2023-09-03 11:28:40'
}
{
  message: 'Hello',
  level: 'error',
  service: 'your-service-name',
  timestamp: '2023-09-03 11:31:32'
}
{
  level: 'error',
  service: 'your-service-name',
  timestamp: '2023-09-03 11:42:30',
  message: 'Testing inner express',
  stack: 'Error: Testing inner express\n' +
    '    at D:\\Project\\WebPractice\\CineRental\\routes\\genres.js:7:11\n' +
    '    at newFn (D:\\Project\\WebPractice\\CineRental\\node_modules\\express-async-errors\\index.js:16:20)\n' +
    '    at Layer.handle [as handle_request] (D:\\Project\\WebPractice\\CineRental\\node_modules\\express\\lib\\router\\layer.js:95:5)\n' +
    '    at next (D:\\Project\\WebPractice\\CineRental\\node_modules\\express\\lib\\router\\route.js:144:13)\n' +
    '    at module.exports (D:\\Project\\WebPractice\\CineRental\\middlewares\\auth.js:13:5)\n' +
    '    at process.processTicksAndRejections (node:internal/process/task_queues:95:5)'
}
{
  level: 'error',
  service: 'your-service-name',
  timestamp: '2023-09-03 11:49:25',
  message: 'node error',
  stack: 'Error: node error\n' +
    '    at Object.<anonymous> (D:\\Project\\WebPractice\\CineRental\\index.js:17:7)\n' +
    '    at Module._compile (node:internal/modules/cjs/loader:1254:14)\n' +
    '    at Module._extensions..js (node:internal/modules/cjs/loader:1308:10)\n' +
    '    at Module.load (node:internal/modules/cjs/loader:1117:32)\n' +
    '    at Module._load (node:internal/modules/cjs/loader:958:12)\n' +
    '    at Function.executeUserEntryPoint [as runMain] (node:internal/modules/run_main:81:12)\n' +
    '    at node:internal/main/run_main_module:23:47'
}
{
  level: 'error',
  service: 'your-service-name',
  timestamp: '2023-09-03 11:49:48',
  message: 'node error'
}
{
  message: 'FATAL ERR: internal errors occurs',
  level: 'error',
  service: 'your-service-name',
  timestamp: '2023-09-03 11:52:35'
}
{
  level: 'error',
  service: 'your-service-name',
  timestamp: '2023-09-03 11:52:59',
  message: 'rejectedPromise error'
}
{
  level: 'error',
  service: 'your-service-name',
  timestamp: '2023-09-03 11:54:42',
  message: 'rejectedPromise error'
}
{
  level: 'error',
  service: 'your-service-name',
  timestamp: '2023-09-03 11:54:56',
  message: 'rejectedPromise error'
}
{
  level: 'error',
  service: 'your-service-name',
  timestamp: '2023-09-03 11:57:32',
  message: 'rejectedPromise error'
}
{
  level: 'error',
  service: 'your-service-name',
  timestamp: '2023-09-03 12:07:31',
  message: "Cannot create property 'Symbol(level)' on string 'Backend is listening at http://localhost:3000'"
}
{
  level: 'error',
  service: 'your-service-name',
  timestamp: '2023-09-03 12:09:06',
  message: 'logger is not defined'
}
{
  message: 'Backend is listening at http://localhost:3000',
  level: 'info',
  service: 'your-service-name',
  timestamp: '2023-09-03 15:16:46'
}
{
  message: 'Connected to databse',
  level: 'info',
  service: 'your-service-name',
  timestamp: '2023-09-03 15:16:47'
}
{
  message: 'Backend is listening at http://localhost:3000',
  level: 'info',
  service: 'your-service-name',
  timestamp: '2023-09-03 15:18:53'
}
{
  message: 'Connected to databse',
  level: 'info',
  service: 'your-service-name',
  timestamp: '2023-09-03 15:18:53'
}
{
  message: 'Backend is listening at http://localhost:3000',
  level: 'info',
  service: 'your-service-name',
  timestamp: '2023-09-03 15:20:09'
}
{
  message: 'Connected to databse',
  level: 'info',
  service: 'your-service-name',
  timestamp: '2023-09-03 15:20:10'
}
{
  level: 'error',
  service: 'your-service-name',
  timestamp: '2023-09-03 15:20:26',
  message: 'Testing inner express'
}
{
  message: 'Backend is listening at http://localhost:3000',
  level: 'info',
  service: 'your-service-name',
  timestamp: '2023-09-03 15:21:51'
}
{
  message: 'Connected to databse',
  level: 'info',
  service: 'your-service-name',
  timestamp: '2023-09-03 15:21:52'
}
